2026-03-27 13:48:25,975 - INFO - CONNECTION | ('10.30.202.243', 65092) | User: None
2026-03-27 13:48:39,643 - INFO - AUTH | admin | SUCCESS
2026-03-27 13:48:39,912 - INFO - CONNECTION | ('127.0.0.1', 54004) | User: None
2026-03-27 13:48:39,913 - INFO - AUTH | admin | SUCCESS
2026-03-27 13:48:39,918 - INFO - COMMAND | admin | pwd | SUCCESS
2026-03-27 13:48:39,926 - INFO - COMMAND | admin | whoami | SUCCESS
2026-03-27 13:48:39,933 - INFO - COMMAND | admin | date | SUCCESS
2026-03-27 13:48:39,939 - INFO - COMMAND | admin | ls | SUCCESS
2026-03-27 13:48:39,945 - INFO - COMMAND | admin | hostname | SUCCESS
2026-03-27 13:48:39,950 - INFO - COMMAND | admin | pwd | SUCCESS
2026-03-27 13:48:39,957 - INFO - COMMAND | admin | whoami | SUCCESS
2026-03-27 13:48:39,962 - INFO - COMMAND | admin | date | SUCCESS
2026-03-27 13:48:39,968 - INFO - COMMAND | admin | ls | SUCCESS
2026-03-27 13:48:39,972 - INFO - COMMAND | admin | hostname | SUCCESS
2026-03-27 13:48:50,503 - INFO - COMMAND | admin | ls | SUCCESS
2026-03-27 13:48:52,475 - INFO - CONNECTION | ('127.0.0.1', 54005) | User: None
2026-03-27 13:48:56,749 - INFO - COMMAND | admin | ls certs | SUCCESS
2026-03-27 13:49:00,108 - INFO - AUTH | user1 | SUCCESS
2026-03-27 13:49:00,582 - INFO - CONNECTION | ('127.0.0.1', 54006) | User: None
2026-03-27 13:49:00,582 - INFO - AUTH | admin | SUCCESS
2026-03-27 13:49:00,588 - INFO - COMMAND | admin | pwd | SUCCESS
2026-03-27 13:49:00,595 - INFO - COMMAND | admin | whoami | SUCCESS
2026-03-27 13:49:00,601 - INFO - COMMAND | admin | date | SUCCESS
2026-03-27 13:49:00,607 - INFO - COMMAND | admin | ls | SUCCESS
2026-03-27 13:49:00,612 - INFO - COMMAND | admin | hostname | SUCCESS
2026-03-27 13:49:00,618 - INFO - COMMAND | admin | pwd | SUCCESS
2026-03-27 13:49:00,625 - INFO - COMMAND | admin | whoami | SUCCESS
2026-03-27 13:49:00,633 - INFO - COMMAND | admin | date | SUCCESS
2026-03-27 13:49:00,639 - INFO - COMMAND | admin | ls | SUCCESS
2026-03-27 13:49:00,645 - INFO - COMMAND | admin | hostname | SUCCESS
2026-03-27 13:49:03,194 - INFO - COMMAND | admin | cd .. | FAILED
2026-03-27 13:49:09,415 - INFO - COMMAND | admin | echo Hello World | SUCCESS
